<?xml version="1.0" encoding="UTF-8"?>
<!-- Generated by org.testng.reporters.JUnitReportReporter -->
<testsuite hostname="PunitRanjan2105" failures="0" tests="1" name="SelfAutomationScenariosPractice.SahdowRootHandling" time="7.811" errors="0" timestamp="2024-02-05T10:02:02 IST" skipped="0">
  <testcase classname="SelfAutomationScenariosPractice.SahdowRootHandling" name="shadowRootHandling" time="7.811"/>
  <system-out/>
</testsuite> <!-- SelfAutomationScenariosPractice.SahdowRootHandling -->
