<?xml version="1.0" encoding="UTF-8"?>
<!-- Generated by org.testng.reporters.JUnitReportReporter -->
<testsuite hostname="PunitRanjan2105" failures="0" tests="1" name="SelfAutomationScenariosPractice.FileUpLoadHandling" time="39.711" errors="0" timestamp="2024-02-02T09:13:38 IST" skipped="0">
  <testcase classname="SelfAutomationScenariosPractice.FileUpLoadHandling" name="UploadFile" time="39.711"/>
  <system-out/>
</testsuite> <!-- SelfAutomationScenariosPractice.FileUpLoadHandling -->
