<?xml version="1.0" encoding="UTF-8"?>
<!-- Generated by org.testng.reporters.JUnitReportReporter -->
<testsuite hostname="PunitRanjan2105" failures="0" tests="1" name="SelfAutomationScenariosPractice.AuthenticationPopupHandling" time="10.829" errors="0" timestamp="2024-02-04T08:14:17 IST" skipped="0">
  <testcase classname="SelfAutomationScenariosPractice.AuthenticationPopupHandling" name="popupHandling" time="10.829"/>
  <system-out/>
</testsuite> <!-- SelfAutomationScenariosPractice.AuthenticationPopupHandling -->
