<?xml version="1.0" encoding="UTF-8"?>
<!-- Generated by org.testng.reporters.JUnitReportReporter -->
<testsuite hostname="PunitRanjan2105" failures="0" tests="3" name="JavaSelenium.ReleaseJan" time="27.222" errors="0" timestamp="2024-01-28T22:48:02 IST" skipped="0">
  <testcase classname="JavaSelenium.ReleaseJan" name="createOpp" time="8.409"/>
  <system-out/>
  <testcase classname="JavaSelenium.ReleaseJan" name="vcreateContact" time="9.909"/>
  <system-out/>
  <testcase classname="JavaSelenium.ReleaseJan" name="createLead" time="8.904"/>
  <system-out/>
</testsuite> <!-- JavaSelenium.ReleaseJan -->
