<?xml version="1.0" encoding="UTF-8"?>
<!-- Generated by org.testng.reporters.JUnitReportReporter -->
<testsuite hostname="PunitRanjan2105" failures="0" tests="1" name="SelfAutomationScenariosPractice.DragAndDrop" time="13.966" errors="0" timestamp="2024-02-01T07:26:11 IST" skipped="0">
  <testcase classname="SelfAutomationScenariosPractice.DragAndDrop" name="dragDrop" time="13.966"/>
  <system-out/>
</testsuite> <!-- SelfAutomationScenariosPractice.DragAndDrop -->
