<?xml version="1.0" encoding="UTF-8"?>
<!-- Generated by org.testng.reporters.JUnitReportReporter -->
<testsuite hostname="PunitRanjan2105" failures="0" tests="1" name="SelfAutomationScenariosPractice.ScrollScenarios" time="40.221" errors="0" timestamp="2024-02-01T08:28:35 IST" skipped="0">
  <testcase classname="SelfAutomationScenariosPractice.ScrollScenarios" name="scrollUpAndDown" time="40.221"/>
  <system-out/>
</testsuite> <!-- SelfAutomationScenariosPractice.ScrollScenarios -->
