<?xml version="1.0" encoding="UTF-8"?>
<!-- Generated by org.testng.reporters.JUnitReportReporter -->
<testsuite hostname="PunitRanjan2105" failures="0" tests="1" name="SelfAutomationScenariosPractice.DownloadFileUsingFireFox" time="27.647" errors="0" timestamp="2024-02-04T07:57:13 IST" skipped="0">
  <testcase classname="SelfAutomationScenariosPractice.DownloadFileUsingFireFox" name="downloadFile" time="27.647"/>
  <system-out/>
</testsuite> <!-- SelfAutomationScenariosPractice.DownloadFileUsingFireFox -->
