<?xml version="1.0" encoding="UTF-8"?>
<!-- Generated by org.testng.reporters.JUnitReportReporter -->
<testsuite hostname="PunitRanjan2105" failures="0" tests="5" name="JavaSelenium.ReleaseJan" time="135.890" errors="0" timestamp="2024-02-27T09:09:29 IST" skipped="0">
  <testcase classname="JavaSelenium.ReleaseJan" name="firstcreateContactAndValidate" time="41.998"/>
  <system-out/>
  <testcase classname="JavaSelenium.ReleaseJan" name="firstcreateContactAndValidate" time="23.237"/>
  <system-out/>
  <testcase classname="JavaSelenium.ReleaseJan" name="firstcreateContactAndValidate" time="22.943"/>
  <system-out/>
  <testcase classname="JavaSelenium.ReleaseJan" name="secondContactAndValidate" time="28.318"/>
  <system-out/>
  <testcase classname="JavaSelenium.ReleaseJan" name="thirdContactAndValidate" time="19.394"/>
  <system-out/>
</testsuite> <!-- JavaSelenium.ReleaseJan -->
