<?xml version="1.0" encoding="UTF-8"?>
<!-- Generated by org.testng.reporters.JUnitReportReporter -->
<testsuite hostname="PunitRanjan2105" failures="0" tests="1" name="SelfAutomationScenariosPractice.BrowserNativePopupHandling" time="17.251" errors="0" timestamp="2024-02-04T09:47:28 IST" skipped="0">
  <testcase classname="SelfAutomationScenariosPractice.BrowserNativePopupHandling" name="popupHandlingBrowserNative" time="17.251"/>
  <system-out/>
</testsuite> <!-- SelfAutomationScenariosPractice.BrowserNativePopupHandling -->
