<?xml version="1.0" encoding="UTF-8"?>
<!-- Generated by org.testng.reporters.JUnitReportReporter -->
<testsuite hostname="PunitRanjan2105" failures="0" tests="1" name="SelfAutomationScenariosPractice.DownloadFileUsingFireFox" time="27.743" errors="0" timestamp="2024-02-03T11:23:07 IST" skipped="0">
  <testcase classname="SelfAutomationScenariosPractice.DownloadFileUsingFireFox" name="downloadFile" time="27.743"/>
  <system-out/>
</testsuite> <!-- SelfAutomationScenariosPractice.DownloadFileUsingFireFox -->
