<?xml version="1.0" encoding="UTF-8"?>
<!-- Generated by org.testng.reporters.JUnitReportReporter -->
<testsuite hostname="PunitRanjan2105" failures="0" tests="1" name="JavaSelenium.NewJan" time="50.365" errors="0" timestamp="2024-02-27T09:09:29 IST" skipped="0">
  <testcase classname="JavaSelenium.NewJan" name="createContactgf" time="50.365"/>
  <system-out/>
</testsuite> <!-- JavaSelenium.NewJan -->
