<?xml version="1.0" encoding="UTF-8"?>
<!-- Generated by org.testng.reporters.JUnitReportReporter -->
<testsuite hostname="PunitRanjan2105" failures="0" tests="1" name="JavaSelenium.CreateContact" time="24.429" errors="0" timestamp="2024-01-28T11:11:47 IST" skipped="0">
  <testcase classname="JavaSelenium.CreateContact" name="vcreateContact" time="24.429"/>
  <system-out/>
</testsuite> <!-- JavaSelenium.CreateContact -->
