<?xml version="1.0" encoding="UTF-8"?>
<!-- Generated by org.testng.reporters.JUnitReportReporter -->
<testsuite hostname="PunitRanjan2105" failures="0" tests="1" name="JavaSelenium.ReleaseJan" time="58.369" errors="0" timestamp="2024-02-01T07:08:13 IST" skipped="0">
  <testcase classname="JavaSelenium.ReleaseJan" name="createContactAndValidate" time="58.369"/>
  <system-out/>
</testsuite> <!-- JavaSelenium.ReleaseJan -->
