<?xml version="1.0" encoding="UTF-8"?>
<!-- Generated by org.testng.reporters.JUnitReportReporter -->
<testsuite hostname="PunitRanjan2105" failures="0" tests="3" name="JavaSelenium.ReleaseJan" time="51.508" errors="0" timestamp="2024-01-28T12:58:39 IST" skipped="0">
  <testcase classname="JavaSelenium.ReleaseJan" name="createLead" time="17.277"/>
  <system-out/>
  <testcase classname="JavaSelenium.ReleaseJan" name="createOpp" time="15.411"/>
  <system-out/>
  <testcase classname="JavaSelenium.ReleaseJan" name="vcreateContact" time="18.820"/>
  <system-out/>
</testsuite> <!-- JavaSelenium.ReleaseJan -->
