<?xml version="1.0" encoding="UTF-8"?>
<!-- Generated by org.testng.reporters.JUnitReportReporter -->
<testsuite hostname="PunitRanjan2105" failures="0" tests="1" name="SelfAutomationScenariosPractice.Test1" time="22.163" errors="0" timestamp="2024-01-31T08:37:23 IST" skipped="0">
  <testcase classname="SelfAutomationScenariosPractice.Test1" name="logIntoActiTime" time="22.163"/>
  <system-out/>
</testsuite> <!-- SelfAutomationScenariosPractice.Test1 -->
