<?xml version="1.0" encoding="UTF-8"?>
<!-- Generated by org.testng.reporters.JUnitReportReporter -->
<testsuite hostname="PunitRanjan2105" failures="0" tests="1" name="SelfAutomationScenariosPractice.DownloadScenario" time="22.289" errors="0" timestamp="2024-02-03T11:17:41 IST" skipped="0">
  <testcase classname="SelfAutomationScenariosPractice.DownloadScenario" name="downloadFile" time="22.289"/>
  <system-out/>
</testsuite> <!-- SelfAutomationScenariosPractice.DownloadScenario -->
