<?xml version="1.0" encoding="UTF-8"?>
<!-- Generated by org.testng.reporters.JUnitReportReporter -->
<testsuite hostname="PunitRanjan2105" failures="0" tests="1" name="SelfAutomationScenariosPractice.FileUpLoadHandling" time="36.354" errors="0" timestamp="2024-02-04T10:32:59 IST" skipped="0">
  <testcase classname="SelfAutomationScenariosPractice.FileUpLoadHandling" name="UploadFile" time="36.354"/>
  <system-out/>
</testsuite> <!-- SelfAutomationScenariosPractice.FileUpLoadHandling -->
