<?xml version="1.0" encoding="UTF-8"?>
<!-- Generated by org.testng.reporters.JUnitReportReporter -->
<testsuite hostname="PunitRanjan2105" failures="0" tests="1" name="JavaSelenium.ReleaseJan" time="19.525" errors="0" timestamp="2024-01-31T08:25:38 IST" skipped="0">
  <testcase classname="JavaSelenium.ReleaseJan" name="createContactAndValidate" time="19.525"/>
  <system-out/>
</testsuite> <!-- JavaSelenium.ReleaseJan -->
