<?xml version="1.0" encoding="UTF-8"?>
<!-- Generated by org.testng.reporters.JUnitReportReporter -->
<testsuite hostname="PunitRanjan2105" failures="0" tests="1" name="SelfAutomationScenariosPractice.DragAndDrop" time="16.111" errors="0" timestamp="2024-02-11T21:52:18 IST" skipped="0">
  <testcase classname="SelfAutomationScenariosPractice.DragAndDrop" name="dragDrop" time="16.111"/>
  <system-out/>
</testsuite> <!-- SelfAutomationScenariosPractice.DragAndDrop -->
