<?xml version="1.0" encoding="UTF-8"?>
<!-- Generated by org.testng.reporters.JUnitReportReporter -->
<testsuite hostname="PunitRanjan2105" failures="0" tests="3" name="JavaSelenium.CreateContactWithDataproviderTest" time="103.201" errors="0" timestamp="2024-02-27T09:09:29 IST" skipped="0">
  <testcase classname="JavaSelenium.CreateContactWithDataproviderTest" name="createContactWithDifferentSetsOfData" time="35.959"/>
  <system-out/>
  <testcase classname="JavaSelenium.CreateContactWithDataproviderTest" name="createContactWithDifferentSetsOfData" time="24.399"/>
  <system-out/>
  <testcase classname="JavaSelenium.CreateContactWithDataproviderTest" name="createContactWithDifferentSetsOfData" time="42.843"/>
  <system-out/>
</testsuite> <!-- JavaSelenium.CreateContactWithDataproviderTest -->
