<?xml version="1.0" encoding="UTF-8"?>
<!-- Generated by org.testng.reporters.JUnitReportReporter -->
<testsuite hostname="PunitRanjan2105" failures="0" tests="1" name="JavaSelenium.ReleaseJan" time="20.233" errors="0" timestamp="2024-01-29T10:33:43 IST" skipped="0">
  <testcase classname="JavaSelenium.ReleaseJan" name="createContact" time="20.233"/>
  <system-out/>
</testsuite> <!-- JavaSelenium.ReleaseJan -->
