<?xml version="1.0" encoding="UTF-8"?>
<!-- Generated by org.testng.reporters.JUnitReportReporter -->
<testsuite hostname="PunitRanjan2105" failures="0" tests="1" name="JavaSelenium.NewJan" time="19.591" errors="0" timestamp="2024-02-22T09:33:10 IST" skipped="0">
  <testcase classname="JavaSelenium.NewJan" name="createContactgf" time="19.591"/>
  <system-out/>
</testsuite> <!-- JavaSelenium.NewJan -->
