<?xml version="1.0" encoding="UTF-8"?>
<!-- Generated by org.testng.reporters.JUnitReportReporter -->
<testsuite hostname="PunitRanjan2105" failures="0" tests="1" name="SelfAutomationScenariosPractice.JdbcProgram" time="0.762" errors="0" timestamp="2024-02-10T20:57:43 IST" skipped="0">
  <testcase classname="SelfAutomationScenariosPractice.JdbcProgram" name="addData" time="0.762"/>
  <system-out/>
</testsuite> <!-- SelfAutomationScenariosPractice.JdbcProgram -->
