<?xml version="1.0" encoding="UTF-8"?>
<!-- Generated by org.testng.reporters.JUnitReportReporter -->
<testsuite hostname="PunitRanjan2105" failures="0" tests="1" name="JavaSelenium.ReleaseJan" time="19.254" errors="0" timestamp="2024-02-22T09:40:50 IST" skipped="0">
  <testcase classname="JavaSelenium.ReleaseJan" name="createContactAndValidate" time="19.254"/>
  <system-out/>
</testsuite> <!-- JavaSelenium.ReleaseJan -->
