<?xml version="1.0" encoding="UTF-8"?>
<!-- Generated by org.testng.reporters.JUnitReportReporter -->
<testsuite hostname="PunitRanjan2105" failures="0" tests="1" name="SelfAutomationScenariosPractice.TestAcionsClassWthRobotClass" time="29.481" errors="0" timestamp="2024-01-31T10:18:38 IST" skipped="0">
  <testcase classname="SelfAutomationScenariosPractice.TestAcionsClassWthRobotClass" name="logIntoActiTime" time="29.481"/>
  <system-out/>
</testsuite> <!-- SelfAutomationScenariosPractice.TestAcionsClassWthRobotClass -->
